Arguments: 
  /usr/bin/node /usr/share/yarn/bin/yarn.js init -u

PATH: 
  /home/oem/.rbenv/plugins/ruby-build/bin:/home/oem/.rbenv/shims:/home/oem/.rbenv/shims:/home/oem/.rbenv/bin:/home/oem/.local/share/umake/bin:/home/oem/bin:/home/oem/.local/bin:/usr/local/sbin:/usr/local/bin:/usr/sbin:/usr/bin:/sbin:/bin:/usr/games:/usr/local/games:/snap/bin

Yarn version: 
  1.10.1

Node version: 
  8.11.3

Platform: 
  linux x64

Trace: 
  Error: canceled
      at Interface.<anonymous> (/usr/share/yarn/lib/cli.js:116426:13)
      at emitNone (events.js:106:13)
      at Interface.emit (events.js:208:7)
      at Interface._ttyWrite (readline.js:774:16)
      at ReadStream.onkeypress (readline.js:158:10)
      at emitTwo (events.js:126:13)
      at ReadStream.emit (events.js:214:7)
      at emitKeys (internal/readline.js:420:14)
      at emitKeys.next (<anonymous>)
      at ReadStream.onData (readline.js:1010:36)

npm manifest: 
  No manifest

yarn manifest: 
  No manifest

Lockfile: 
  No lockfile
